<?xml version="1.0" encoding="UTF-8"?>
<!-- Generated by org.testng.reporters.JUnitXMLReporter -->
<testsuite ignored="4" hostname="DESKTOP-089LBSM" failures="0" tests="2" name="Test" time="49.942" errors="0" timestamp="2023-03-04T12:17:16 IST">
  <testcase classname="Practice.CreateContactwithOrganisation" name="CreateContactwithOrganisationTest" time="12.596"/>
  <testcase classname="Practice.CreateLead" name="createlead" time="9.761"/>
  <testcase classname="GenericUtility.BaseClass" name="@BeforeTest BT" time="0.0">
    <ignored/>
  </testcase> <!-- @BeforeTest BT -->
  <testcase classname="GenericUtility.BaseClass" name="@AfterSuite AS" time="0.0">
    <ignored/>
  </testcase> <!-- @AfterSuite AS -->
  <testcase classname="GenericUtility.BaseClass" name="@BeforeSuite BS" time="0.0">
    <ignored/>
  </testcase> <!-- @BeforeSuite BS -->
  <testcase classname="GenericUtility.BaseClass" name="@AfterTest AT" time="0.0">
    <ignored/>
  </testcase> <!-- @AfterTest AT -->
</testsuite> <!-- Test -->
